Advanced encoding /UniJIS-UTF16-H not implemented yet
Advanced encoding /UniJIS-UTF16-H not implemented yet
Advanced encoding /UniJIS-UTF16-H not implemented yet
Advanced encoding /UniJIS-UTF16-H not implemented yet
Advanced encoding /UniJIS-UTF16-H not implemented yet
Advanced encoding /UniJIS-UTF16-H not implemented yet
Advanced encoding /UniJIS-UTF16-H not implemented yet
Advanced encoding /UniJIS-UTF16-H not implemented yet
Advanced encoding /UniJIS-UTF16-H not implemented yet
Advanced encoding /UniJIS-UTF16-H not implemented yet
Advanced encoding /UniJIS-UTF16-H not implemented yet
Advanced encoding /UniJIS-UTF16-H not implemented yet
Advanced encoding /UniJIS-UTF16-H not implemented yet
Advanced encoding /UniJIS-UTF16-H not implemented yet
Advanced encoding /UniJIS-UTF16-H not implemented yet
Advanced encoding /UniJIS-UTF16-H not implemented yet
Advanced encoding /UniJIS-UTF16-H not implemented yet
Advanced encoding /UniJIS-UTF16-H not implemented yet
Advanced encoding /UniJIS-UTF16-H not implemented yet
Advanced encoding /UniJIS-UTF16-H not implemented yet
Advanced encoding /UniJIS-UTF16-H not implemented yet
Advanced encoding /UniJIS-UTF16-H not implemented yet
Advanced encoding /UniJIS-UTF16-H not implemented yet
Advanced encoding /UniJIS-UTF16-H not implemented yet
Advanced encoding /UniJIS-UTF16-H not implemented yet
Advanced encoding /UniJIS-UTF16-H not implemented yet
Advanced encoding /UniJIS-UTF16-H not implemented yet
Advanced encoding /UniJIS-UTF16-H not implemented yet
Advanced encoding /UniJIS-UTF16-H not implemented yet
Advanced encoding /UniJIS-UTF16-H not implemented yet
Advanced encoding /UniJIS-UTF16-H not implemented yet
Advanced encoding /UniJIS-UTF16-H not implemented yet
Advanced encoding /UniJIS-UTF16-H not implemented yet
Advanced encoding /UniJIS-UTF16-H not implemented yet
Advanced encoding /UniJIS-UTF16-H not implemented yet
Advanced encoding /UniJIS-UTF16-H not implemented yet
Advanced encoding /UniJIS-UTF16-H not implemented yet
Advanced encoding /UniJIS-UTF16-H not implemented yet
Advanced encoding /UniJIS-UTF16-H not implemented yet
Advanced encoding /UniJIS-UTF16-H not implemented yet
Advanced encoding /UniJIS-UTF16-H not implemented yet
Advanced encoding /UniJIS-UTF16-H not implemented yet
Advanced encoding /UniJIS-UTF16-H not implemented yet
Advanced encoding /UniJIS-UTF16-H not implemented yet
Advanced encoding /UniJIS-UTF16-H not implemented yet
Advanced encoding /UniJIS-UTF16-H not implemented yet
Advanced encoding /UniJIS-UTF16-H not implemented yet
Advanced encoding /UniJIS-UTF16-H not implemented yet
Advanced encoding /UniJIS-UTF16-H not implemented yet
Advanced encoding /UniJIS-UTF16-H not implemented yet
Advanced encoding /UniJIS-UTF16-H not implemented yet
Advanced encoding /UniJIS-UTF16-H not implemented yet
[1/136] OK 03_Events/Shareholder_Meeting/20230607_第17期定時株主総会招集ご通知__17NoticeJ.pdf -> 20230607_第17期定時株主総会招集ご通知__17NoticeJ.pdf.en.txt (11949 chars)
[2/136] OK 03_Events/Shareholder_Meeting/20230719_臨時株主総会招集ご通知__17-1NoticeJ.pdf -> 20230719_臨時株主総会招集ご通知__17-1NoticeJ.pdf.en.txt (2643 chars)
[3/136] OK 03_Events/Shareholder_Meeting/20240605_第18期定時株主総会招集ご通知__18NoticeJ.pdf -> 20240605_第18期定時株主総会招集ご通知__18NoticeJ.pdf.en.txt (11695 chars)
[4/136] OK 03_Events/Shareholder_Meeting/20250606_第19期定時株主総会招集ご通知__19NoticeJ.pdf -> 20250606_第19期定時株主総会招集ご通知__19NoticeJ.pdf.en.txt (12932 chars)
[5/136] OK 03_Events/Timely_Disclosures/20141224_東京証券取引所TOKYO_PRO_Market新規上場を申請いたしました__irnews20141224-2.pdf -> 20141224_東京証券取引所TOKYO_PRO_Market新規上場を申請いたしました__irnews20141224-2.pdf.en.txt (1310 chars)
[6/136] SKIP no text 03_Events/Timely_Disclosures/20141224_新規上場申請に係る宣誓書__irnews20141224-1.pdf
[7/136] OK 01_Official/Issuer_Information/20141224_中間発行者情報__irnews20141224-3.pdf -> 20141224_中間発行者情報__irnews20141224-3.pdf.en.txt (33067 chars)
[8/136] OK 01_Official/Governance/20141224_コーポレート・ガバナンス報告書__irnews20141224-4.pdf -> 20141224_コーポレート_ガバナンス報告書__irnews20141224-4.pdf.en.txt (6801 chars)
[9/136] OK 03_Events/Timely_Disclosures/20150113_東京証券取引所_TOKYO_PRO_Market_上場承認のお知らせ__irnews20150113.pdf -> 20150113_東京証券取引所_TOKYO_PRO_Market_上場承認のお知らせ__irnews20150113.pdf.en.txt (1179 chars)
[10/136] OK 03_Events/Timely_Disclosures/20150127_東京証券取引所_TOKYO_PRO_Market_への上場のお知らせ__irnews20150127.pdf -> 20150127_東京証券取引所_TOKYO_PRO_Market_への上場のお知らせ__irnews20150127.pdf.en.txt (857 chars)
[11/136] OK 02_Quarterly/Interim_Earnings/20150127_平成27_年3_月期_中間決算短信_日本基準_連結__finfo2014m.pdf -> 20150127_平成27_年3_月期_中間決算短信_日本基準_連結__finfo2014m.pdf.en.txt (8318 chars)
[12/136] OK 02_Quarterly/Earnings_Releases/20150529_平成27_年3_月期_決算短信_日本基準_連結__finfo2015.pdf -> 20150529_平成27_年3_月期_決算短信_日本基準_連結__finfo2015.pdf.en.txt (16306 chars)
[13/136] OK 01_Official/Issuer_Information/20150629_発行者情報__irnews20150629-1.pdf -> 20150629_発行者情報__irnews20150629-1.pdf.en.txt (30955 chars)
[14/136] OK 01_Official/Governance/20150629_コーポレート・ガバナンス報告書__irnews20150629-2.pdf -> 20150629_コーポレート_ガバナンス報告書__irnews20150629-2.pdf.en.txt (7063 chars)
[15/136] OK 03_Events/Timely_Disclosures/20150731_自己株式の取得及び自己株式立会外買付取引_ToSTNeT-3_による自己株式の買付_並びに自己株式消却に関するお知らせ__irnews20150731.pdf -> 20150731_自己株式の取得及び自己株式立会外買付取引_ToSTNeT-3_による自己株式の買付_並びに自己株式消却に関するお知らせ__irnews20150731.pdf.en.txt (2437 chars)
[16/136] OK 03_Events/Timely_Disclosures/20150803_自己株式立会外買付取引_ToSTNeT-3_による自己株式の取得結果及び自己株式取得終了_並びに主要株主の異動に関するお知らせ__irnews20150803.pdf -> 20150803_自己株式立会外買付取引_ToSTNeT-3_による自己株式の取得結果及び自己株式取得終了_並びに主要株主の異動に関するお知らせ__irnews20150803.pdf.en.txt (3363 chars)
[17/136] OK 03_Events/Timely_Disclosures/20150914_株式分割及び定款の一部変更に関するお知らせ__irnews20150914.pdf -> 20150914_株式分割及び定款の一部変更に関するお知らせ__irnews20150914.pdf.en.txt (2558 chars)
[18/136] OK 02_Quarterly/Interim_Earnings/20151127_平成28_年3_月期_中間決算短信_日本基準_連結__finfo2015m.pdf -> 20151127_平成28_年3_月期_中間決算短信_日本基準_連結__finfo2015m.pdf.en.txt (12148 chars)
[19/136] OK 01_Official/Governance/20151127_コーポレート・ガバナンス報告書__irnews20151127.pdf -> 20151127_コーポレート_ガバナンス報告書__irnews20151127.pdf.en.txt (7005 chars)
[20/136] OK 01_Official/Issuer_Information/20151228_中間発行者情報__irnews20151228.pdf -> 20151228_中間発行者情報__irnews20151228.pdf.en.txt (23715 chars)
[21/136] OK 02_Quarterly/Earnings_Variance_Notices/20160530_前年同期実績_連結_との差異に関するお知らせ__Pnotice1605.pdf -> 20160530_前年同期実績_連結_との差異に関するお知らせ__Pnotice1605.pdf.en.txt (2192 chars)
[22/136] OK 02_Quarterly/Earnings_Releases/20160530_平成28_年3_月期_決算短信_日本基準_連結__finfo2016.pdf -> 20160530_平成28_年3_月期_決算短信_日本基準_連結__finfo2016.pdf.en.txt (20159 chars)
[23/136] OK 01_Official/Issuer_Information/20160627_発行者情報__irnews20160627-1.pdf -> 20160627_発行者情報__irnews20160627-1.pdf.en.txt (35215 chars)
[24/136] OK 01_Official/Governance/20160627_コーポレート・ガバナンス報告書__irnews20160627-2.pdf -> 20160627_コーポレート_ガバナンス報告書__irnews20160627-2.pdf.en.txt (7053 chars)
[25/136] OK 03_Events/Timely_Disclosures/20160809_自己株式の取得及び自己株式立会外買付取引_ToSTNeT-3_による自己株式の買付_並びに自己株式消却に関するお知らせ__irnews20160809.pdf -> 20160809_自己株式の取得及び自己株式立会外買付取引_ToSTNeT-3_による自己株式の買付_並びに自己株式消却に関するお知らせ__irnews20160809.pdf.en.txt (2504 chars)
[26/136] OK 03_Events/Timely_Disclosures/20160810_自己株式立会外買付取引_ToSTNeT-3_による自己株式の取得結果及び自己株式取得終了に関するお知らせ__irnews20160810.pdf -> 20160810_自己株式立会外買付取引_ToSTNeT-3_による自己株式の取得結果及び自己株式取得終了に関するお知らせ__irnews20160810.pdf.en.txt (1860 chars)
[27/136] OK 03_Events/Shareholder_Meeting/20161129_臨時株主総会召集のための基準日設定公告__Pnotice1611-2.pdf -> 20161129_臨時株主総会召集のための基準日設定公告__Pnotice1611-2.pdf.en.txt (1634 chars)
[28/136] OK 02_Quarterly/Earnings_Variance_Notices/20161129_前年同期実績_連結_との差異に関するお知らせ__Pnotice1611-1.pdf -> 20161129_前年同期実績_連結_との差異に関するお知らせ__Pnotice1611-1.pdf.en.txt (2263 chars)
[29/136] OK 02_Quarterly/Interim_Earnings/20161129_平成29_年3_月期_中間決算短信_日本基準_連結__finfo2016m.pdf -> 20161129_平成29_年3_月期_中間決算短信_日本基準_連結__finfo2016m.pdf.en.txt (12444 chars)
[30/136] OK 01_Official/Issuer_Information/20161228_中間発行者情報__irnews20161228.pdf -> 20161228_中間発行者情報__irnews20161228.pdf.en.txt (25848 chars)
[31/136] OK 01_Official/Governance/20161228_コーポレート・ガバナンス報告書__irnews20161228-2.pdf -> 20161228_コーポレート_ガバナンス報告書__irnews20161228-2.pdf.en.txt (7058 chars)
[32/136] OK 02_Quarterly/Earnings_Variance_Notices/20170529_前年同期実績_連結_との差異に関するお知らせ__Pnotice1705-1.pdf -> 20170529_前年同期実績_連結_との差異に関するお知らせ__Pnotice1705-1.pdf.en.txt (3321 chars)
[33/136] OK 02_Quarterly/Earnings_Releases/20170529_平成29_年3_月期_決算短信_日本基準_連結__finfo2017.pdf -> 20170529_平成29_年3_月期_決算短信_日本基準_連結__finfo2017.pdf.en.txt (16162 chars)
[34/136] OK 01_Official/Issuer_Information/20170626_発行者情報__irnews20170626-1.pdf -> 20170626_発行者情報__irnews20170626-1.pdf.en.txt (35852 chars)
[35/136] OK 01_Official/Governance/20170626_コーポレート・ガバナンス報告書__irnews20170626-2.pdf -> 20170626_コーポレート_ガバナンス報告書__irnews20170626-2.pdf.en.txt (7073 chars)Advanced encoding /UniJIS-UTF16-H not implemented yet
Advanced encoding /UniJIS-UTF16-H not implemented yet
Advanced encoding /UniJIS-UTF16-H not implemented yet
Advanced encoding /UniJIS-UTF16-H not implemented yet
Advanced encoding /UniJIS-UTF16-H not implemented yet
Advanced encoding /UniJIS-UTF16-H not implemented yet
Advanced encoding /UniJIS-UTF16-H not implemented yet
Advanced encoding /UniJIS-UTF16-H not implemented yet
Advanced encoding /UniJIS-UTF16-H not implemented yet
Advanced encoding /UniJIS-UTF16-H not implemented yet
Advanced encoding /UniJIS-UTF16-H not implemented yet
Advanced encoding /UniJIS-UTF16-H not implemented yet
Advanced encoding /UniJIS-UTF16-H not implemented yet
Advanced encoding /UniJIS-UTF16-H not implemented yet
Advanced encoding /UniJIS-UTF16-H not implemented yet
Advanced encoding /UniJIS-UTF16-H not implemented yet
Advanced encoding /UniJIS-UTF16-H not implemented yet
Advanced encoding /UniJIS-UTF16-H not implemented yet
Advanced encoding /UniJIS-UTF16-H not implemented yet
Advanced encoding /UniJIS-UTF16-H not implemented yet
Advanced encoding /UniJIS-UTF16-H not implemented yet
Advanced encoding /UniJIS-UTF16-H not implemented yet
Advanced encoding /UniJIS-UTF16-H not implemented yet
Advanced encoding /UniJIS-UTF16-H not implemented yet
Advanced encoding /UniJIS-UTF16-H not implemented yet
Advanced encoding /UniJIS-UTF16-H not implemented yet
Advanced encoding /UniJIS-UTF16-H not implemented yet
Advanced encoding /UniJIS-UTF16-H not implemented yet
Advanced encoding /UniJIS-UTF16-H not implemented yet
Advanced encoding /UniJIS-UTF16-H not implemented yet
Advanced encoding /UniJIS-UTF16-H not implemented yet
Advanced encoding /UniJIS-UTF16-H not implemented yet
Advanced encoding /UniJIS-UTF16-H not implemented yet
Advanced encoding /UniJIS-UTF16-H not implemented yet
Advanced encoding /UniJIS-UTF16-H not implemented yet
Advanced encoding /UniJIS-UTF16-H not implemented yet
Advanced encoding /UniJIS-UTF16-H not implemented yet
Advanced encoding /UniJIS-UTF16-H not implemented yet
Advanced encoding /UniJIS-UTF16-H not implemented yet
Advanced encoding /UniJIS-UTF16-H not implemented yet
Advanced encoding /UniJIS-UTF16-H not implemented yet
Advanced encoding /UniJIS-UTF16-H not implemented yet
Advanced encoding /UniJIS-UTF16-H not implemented yet
Advanced encoding /UniJIS-UTF16-H not implemented yet
Advanced encoding /UniJIS-UTF16-H not implemented yet
Advanced encoding /UniJIS-UTF16-H not implemented yet
Advanced encoding /UniJIS-UTF16-H not implemented yet
Advanced encoding /UniJIS-UTF16-H not implemented yet
Advanced encoding /UniJIS-UTF16-H not implemented yet
Advanced encoding /UniJIS-UTF16-H not implemented yet
Advanced encoding /UniJIS-UTF16-H not implemented yet
Advanced encoding /UniJIS-UTF16-H not implemented yet
Advanced encoding /UniJIS-UTF16-H not implemented yet
Advanced encoding /UniJIS-UTF16-H not implemented yet
Advanced encoding /UniJIS-UTF16-H not implemented yet
Advanced encoding /UniJIS-UTF16-H not implemented yet
Advanced encoding /UniJIS-UTF16-H not implemented yet
Advanced encoding /UniJIS-UTF16-H not implemented yet
Advanced encoding /UniJIS-UTF16-H not implemented yet
Advanced encoding /UniJIS-UTF16-H not implemented yet
Advanced encoding /UniJIS-UTF16-H not implemented yet
Advanced encoding /UniJIS-UTF16-H not implemented yet
Advanced encoding /UniJIS-UTF16-H not implemented yet
Advanced encoding /UniJIS-UTF16-H not implemented yet
Advanced encoding /UniJIS-UTF16-H not implemented yet
Advanced encoding /UniJIS-UTF16-H not implemented yet
Advanced encoding /UniJIS-UTF16-H not implemented yet
Advanced encoding /UniJIS-UTF16-H not implemented yet
Advanced encoding /UniJIS-UTF16-H not implemented yet
Advanced encoding /UniJIS-UTF16-H not implemented yet
Advanced encoding /UniJIS-UTF16-H not implemented yet
Advanced encoding /UniJIS-UTF16-H not implemented yet
Advanced encoding /UniJIS-UTF16-H not implemented yet
Advanced encoding /UniJIS-UTF16-H not implemented yet
Advanced encoding /UniJIS-UTF16-H not implemented yet
Advanced encoding /UniJIS-UTF16-H not implemented yet
Advanced encoding /UniJIS-UTF16-H not implemented yet
Advanced encoding /UniJIS-UTF16-H not implemented yet
Advanced encoding /UniJIS-UTF16-H not implemented yet
Advanced encoding /UniJIS-UTF16-H not implemented yet
Advanced encoding /UniJIS-UTF16-H not implemented yet
Advanced encoding /UniJIS-UTF16-H not implemented yet
Advanced encoding /UniJIS-UTF16-H not implemented yet
Advanced encoding /UniJIS-UTF16-H not implemented yet
Advanced encoding /UniJIS-UTF16-H not implemented yet
Advanced encoding /UniJIS-UTF16-H not implemented yet
Advanced encoding /UniJIS-UTF16-H not implemented yet
Advanced encoding /UniJIS-UTF16-H not implemented yet
Advanced encoding /UniJIS-UTF16-H not implemented yet
Advanced encoding /UniJIS-UTF16-H not implemented yet
Advanced encoding /UniJIS-UTF16-H not implemented yet
Advanced encoding /UniJIS-UTF16-H not implemented yet
Advanced encoding /UniJIS-UTF16-H not implemented yet
Advanced encoding /UniJIS-UTF16-H not implemented yet
Advanced encoding /UniJIS-UTF16-H not implemented yet
Advanced encoding /UniJIS-UTF16-H not implemented yet
Advanced encoding /UniJIS-UTF16-H not implemented yet
Advanced encoding /UniJIS-UTF16-H not implemented yet
Advanced encoding /UniJIS-UTF16-H not implemented yet
Advanced encoding /UniJIS-UTF16-H not implemented yet
Advanced encoding /UniJIS-UTF16-H not implemented yet
Advanced encoding /UniJIS-UTF16-H not implemented yet
Advanced encoding /UniJIS-UTF16-H not implemented yet
Advanced encoding /UniJIS-UTF16-H not implemented yet
Advanced encoding /UniJIS-UTF16-H not implemented yet
Advanced encoding /UniJIS-UTF16-H not implemented yet
Advanced encoding /UniJIS-UTF16-H not implemented yet
Advanced encoding /UniJIS-UTF16-H not implemented yet
Advanced encoding /UniJIS-UTF16-H not implemented yet
Advanced encoding /UniJIS-UTF16-H not implemented yet
Advanced encoding /UniJIS-UTF16-H not implemented yet
Advanced encoding /UniJIS-UTF16-H not implemented yet
Advanced encoding /UniJIS-UTF16-H not implemented yet
Advanced encoding /UniJIS-UTF16-H not implemented yet
Advanced encoding /UniJIS-UTF16-H not implemented yet
Advanced encoding /UniJIS-UTF16-H not implemented yet
Advanced encoding /UniJIS-UTF16-H not implemented yet
Advanced encoding /UniJIS-UTF16-H not implemented yet
Advanced encoding /UniJIS-UTF16-H not implemented yet
Advanced encoding /UniJIS-UTF16-H not implemented yet
Advanced encoding /UniJIS-UTF16-H not implemented yet
Advanced encoding /UniJIS-UTF16-H not implemented yet
Advanced encoding /UniJIS-UTF16-H not implemented yet
Advanced encoding /UniJIS-UTF16-H not implemented yet
Advanced encoding /UniJIS-UTF16-H not implemented yet
Advanced encoding /UniJIS-UTF16-H not implemented yet
Advanced encoding /UniJIS-UTF16-H not implemented yet
Advanced encoding /UniJIS-UTF16-H not implemented yet
Advanced encoding /UniJIS-UTF16-H not implemented yet
Advanced encoding /UniJIS-UTF16-H not implemented yet
Advanced encoding /UniJIS-UTF16-H not implemented yet
Advanced encoding /UniJIS-UTF16-H not implemented yet
Advanced encoding /UniJIS-UTF16-H not implemented yet
Advanced encoding /UniJIS-UTF16-H not implemented yet
Advanced encoding /UniJIS-UTF16-H not implemented yet
Advanced encoding /UniJIS-UTF16-H not implemented yet
Advanced encoding /UniJIS-UTF16-H not implemented yet
Advanced encoding /UniJIS-UTF16-H not implemented yet
Advanced encoding /UniJIS-UTF16-H not implemented yet
Advanced encoding /UniJIS-UTF16-H not implemented yet
Advanced encoding /UniJIS-UTF16-H not implemented yet
Advanced encoding /UniJIS-UTF16-H not implemented yet
Advanced encoding /UniJIS-UTF16-H not implemented yet
Advanced encoding /UniJIS-UTF16-H not implemented yet
Advanced encoding /UniJIS-UTF16-H not implemented yet
Advanced encoding /UniJIS-UTF16-H not implemented yet
Advanced encoding /UniJIS-UTF16-H not implemented yet
Advanced encoding /UniJIS-UTF16-H not implemented yet
Advanced encoding /UniJIS-UTF16-H not implemented yet
Advanced encoding /UniJIS-UTF16-H not implemented yet
Advanced encoding /UniJIS-UTF16-H not implemented yet
Advanced encoding /UniJIS-UTF16-H not implemented yet
Advanced encoding /UniJIS-UTF16-H not implemented yet
Advanced encoding /UniJIS-UTF16-H not implemented yet
Advanced encoding /UniJIS-UTF16-H not implemented yet
Advanced encoding /UniJIS-UTF16-H not implemented yet
Advanced encoding /UniJIS-UTF16-H not implemented yet
Advanced encoding /UniJIS-UTF16-H not implemented yet
Advanced encoding /UniJIS-UTF16-H not implemented yet
Advanced encoding /UniJIS-UTF16-H not implemented yet
Advanced encoding /UniJIS-UTF16-H not implemented yet
Advanced encoding /UniJIS-UTF16-H not implemented yet
Advanced encoding /UniJIS-UTF16-H not implemented yet
Advanced encoding /UniJIS-UTF16-H not implemented yet
Advanced encoding /UniJIS-UTF16-H not implemented yet
Advanced encoding /UniJIS-UTF16-H not implemented yet
Advanced encoding /UniJIS-UTF16-H not implemented yet
Advanced encoding /UniJIS-UTF16-H not implemented yet
Advanced encoding /UniJIS-UTF16-H not implemented yet
Advanced encoding /UniJIS-UTF16-H not implemented yet
Advanced encoding /UniJIS-UTF16-H not implemented yet
Advanced encoding /UniJIS-UTF16-H not implemented yet
Advanced encoding /UniJIS-UTF16-H not implemented yet
Advanced encoding /UniJIS-UTF16-H not implemented yet
Advanced encoding /UniJIS-UTF16-H not implemented yet
Advanced encoding /UniJIS-UTF16-H not implemented yet
Advanced encoding /UniJIS-UTF16-H not implemented yet
Advanced encoding /UniJIS-UTF16-H not implemented yet
Advanced encoding /UniJIS-UTF16-H not implemented yet
Advanced encoding /UniJIS-UTF16-H not implemented yet
Advanced encoding /UniJIS-UTF16-H not implemented yet
Advanced encoding /UniJIS-UTF16-H not implemented yet
Advanced encoding /UniJIS-UTF16-H not implemented yet
Advanced encoding /UniJIS-UTF16-H not implemented yet
Advanced encoding /UniJIS-UTF16-H not implemented yet
Advanced encoding /UniJIS-UTF16-H not implemented yet
Advanced encoding /UniJIS-UTF16-H not implemented yet
Advanced encoding /UniJIS-UTF16-H not implemented yet
Advanced encoding /UniJIS-UTF16-H not implemented yet
Advanced encoding /UniJIS-UTF16-H not implemented yet
Advanced encoding /UniJIS-UTF16-H not implemented yet
Advanced encoding /UniJIS-UTF16-H not implemented yet
Advanced encoding /UniJIS-UTF16-H not implemented yet
Advanced encoding /UniJIS-UTF16-H not implemented yet
[6/136] STUB no text 03_Events/Timely_Disclosures/20141224_新規上場申請に係る宣誓書__irnews20141224-1.pdf
[63/136] OK 03_Events/Timely_Disclosures/20191128_ストームハーバー証券株式会社の株式取得について__irnews20191128.pdf -> 20191128_ストームハーバー証券株式会社の株式取得について__irnews20191128.pdf.en.txt (2624 chars)
[64/136] OK 02_Quarterly/Interim_Earnings/20191128_2020_年3_月期_中間決算短信_日本基準_連結__finfo2019m.pdf -> 20191128_2020_年3_月期_中間決算短信_日本基準_連結__finfo2019m.pdf.en.txt (7399 chars)
[65/136] OK 01_Official/Issuer_Information/20191226_中間発行者情報__irnews20191226-1.pdf -> 20191226_中間発行者情報__irnews20191226-1.pdf.en.txt (20139 chars)
[66/136] OK 01_Official/Governance/20191226_コーポレート・ガバナンス報告書__irnews20191226-2.pdf -> 20191226_コーポレート_ガバナンス報告書__irnews20191226-2.pdf.en.txt (7757 chars)
[67/136] OK 02_Quarterly/Earnings_Variance_Notices/20200528_前年同期実績_連結_との差異に関するお知らせ__Pnotice2020-1.pdf -> 20200528_前年同期実績_連結_との差異に関するお知らせ__Pnotice2020-1.pdf.en.txt (2950 chars)
[68/136] OK 02_Quarterly/Earnings_Releases/20200528_2020年3_月期_決算短信_日本基準_連結__finfo2020.pdf -> 20200528_2020年3_月期_決算短信_日本基準_連結__finfo2020.pdf.en.txt (13678 chars)
[69/136] OK 01_Official/Issuer_Information/20200625_発行者情報__irnews20200625-1.pdf -> 20200625_発行者情報__irnews20200625-1.pdf.en.txt (22404 chars)
[70/136] OK 01_Official/Governance/20200625_コーポレート・ガバナンス報告書__irnews20200625-2.pdf -> 20200625_コーポレート_ガバナンス報告書__irnews20200625-2.pdf.en.txt (7820 chars)
[71/136] OK 03_Events/Timely_Disclosures/20200811_自己株式の取得及び自己株式立会外買付取引_ToSTNeT-3_による自己株式の買付_並びに自己株式消却に関するお知らせ__irnews20200811.pdf -> 20200811_自己株式の取得及び自己株式立会外買付取引_ToSTNeT-3_による自己株式の買付_並びに自己株式消却に関するお知らせ__irnews20200811.pdf.en.txt (2384 chars)
[72/136] OK 03_Events/Timely_Disclosures/20200812_自己株式立会外買付取引_ToSTNeT-3_による自己株式の取得結果及び自己株式取得終了に関するお知らせ__irnews20200812.pdf -> 20200812_自己株式立会外買付取引_ToSTNeT-3_による自己株式の取得結果及び自己株式取得終了に関するお知らせ__irnews20200812.pdf.en.txt (1864 chars)
[73/136] OK 02_Quarterly/Interim_Earnings/20201125_2021_年3_月期_中間決算短信_日本基準_連結__finfo2020m.pdf -> 20201125_2021_年3_月期_中間決算短信_日本基準_連結__finfo2020m.pdf.en.txt (4736 chars)
[74/136] OK 01_Official/Issuer_Information/20201228_中間発行者情報__irnews20201223-1.pdf -> 20201228_中間発行者情報__irnews20201223-1.pdf.en.txt (16547 chars)
[75/136] OK 01_Official/Governance/20201228_コーポレート・ガバナンス報告書__irnews20201223-2.pdf -> 20201228_コーポレート_ガバナンス報告書__irnews20201223-2.pdf.en.txt (7805 chars)
[76/136] OK 02_Quarterly/Earnings_Variance_Notices/20210531_前年同期実績_連結_との差異に関するお知らせ__Pnotice2021-1.pdf -> 20210531_前年同期実績_連結_との差異に関するお知らせ__Pnotice2021-1.pdf.en.txt (3106 chars)
[77/136] OK 02_Quarterly/Earnings_Releases/20210531_2021年3_月期_決算短信_日本基準_連結__finfo2021.pdf -> 20210531_2021年3_月期_決算短信_日本基準_連結__finfo2021.pdf.en.txt (13412 chars)
[78/136] OK 03_Events/Timely_Disclosures/20210624_担当J-Adviserにつきまして__irnews20210624.pdf -> 20210624_担当J-Adviserにつきまして__irnews20210624.pdf.en.txt (1563 chars)
[79/136] OK 01_Official/Issuer_Information/20210628_発行者情報__irnews20210628-1.pdf -> 20210628_発行者情報__irnews20210628-1.pdf.en.txt (23363 chars)
[80/136] OK 01_Official/Governance/20210628_コーポレート・ガバナンス報告書__irnews20210628-2.pdf -> 20210628_コーポレート_ガバナンス報告書__irnews20210628-2.pdf.en.txt (7881 chars)
[81/136] OK 03_Events/Timely_Disclosures/20210810_自己株式の取得及び自己株式立会外買付取引_ToSTNeT-3_による自己株式の買付_並びに自己株式消却に関するお知らせ__irnews20210810.pdf -> 20210810_自己株式の取得及び自己株式立会外買付取引_ToSTNeT-3_による自己株式の買付_並びに自己株式消却に関するお知らせ__irnews20210810.pdf.en.txt (2396 chars)
[82/136] OK 03_Events/Timely_Disclosures/20210811_自己株式立会外買付取引_ToSTNeT-3_による自己株式の取得結果及び自己株式取得終了に関するお知らせ__irnews20210811.pdf -> 20210811_自己株式立会外買付取引_ToSTNeT-3_による自己株式の取得結果及び自己株式取得終了に関するお知らせ__irnews20210811.pdf.en.txt (1865 chars)
[83/136] OK 03_Events/Timely_Disclosures/20211001_担当J-Adviserの異動に関するお知らせ__irnews20211001.pdf -> 20211001_担当J-Adviserの異動に関するお知らせ__irnews20211001.pdf.en.txt (2324 chars)
[84/136] OK 02_Quarterly/Interim_Earnings/20211130_2022_年3_月期_中間決算短信_日本基準_連結__finfo2021m.pdf -> 20211130_2022_年3_月期_中間決算短信_日本基準_連結__finfo2021m.pdf.en.txt (4743 chars)
[85/136] OK 01_Official/Issuer_Information/20211228_中間発行者情報__irnews20211228-1.pdf -> 20211228_中間発行者情報__irnews20211228-1.pdf.en.txt (16476 chars)
[86/136] OK 01_Official/Governance/20211228_コーポレート・ガバナンス報告書__irnews20211228-2.pdf -> 20211228_コーポレート_ガバナンス報告書__irnews20211228-2.pdf.en.txt (7816 chars)
[87/136] OK 03_Events/Timely_Disclosures/20220408_流動性プロバイダーの異動に関するお知らせ__irnews20220408.pdf -> 20220408_流動性プロバイダーの異動に関するお知らせ__irnews20220408.pdf.en.txt (1138 chars)
[88/136] OK 02_Quarterly/Earnings_Variance_Notices/20220527_前年同期実績_連結_との差異に関するお知らせ__Pnotice2022-1.pdf -> 20220527_前年同期実績_連結_との差異に関するお知らせ__Pnotice2022-1.pdf.en.txt (3053 chars)
[89/136] OK 02_Quarterly/Earnings_Releases/20220527_2022年3_月期_決算短信_日本基準_連結__finfo2022.pdf -> 20220527_2022年3_月期_決算短信_日本基準_連結__finfo2022.pdf.en.txt (16787 chars)
[90/136] OK 01_Official/Issuer_Information/20220627_発行者情報__irnews20220627-1.pdf -> 20220627_発行者情報__irnews20220627-1.pdf.en.txt (22601 chars)
[91/136] OK 01_Official/Governance/20220627_コーポレート・ガバナンス報告書__irnews20220627-2.pdf -> 20220627_コーポレート_ガバナンス報告書__irnews20220627-2.pdf.en.txt (7797 chars)
[92/136] OK 03_Events/Timely_Disclosures/20220816_自己株式の取得及び自己株式立会外買付取引_ToSTNeT-3_による自己株式の買付_並びに自己株式消却に関するお知らせ__irnews20220816.pdf -> 20220816_自己株式の取得及び自己株式立会外買付取引_ToSTNeT-3_による自己株式の買付_並びに自己株式消却に関するお知らせ__irnews20220816.pdf.en.txt (2388 chars)
[93/136] OK 03_Events/Timely_Disclosures/20220817_自己株式立会外買付取引_ToSTNeT-3_による自己株式の取得結果及び自己株式取得終了に関するお知らせ__irnews20220817.pdf -> 20220817_自己株式立会外買付取引_ToSTNeT-3_による自己株式の取得結果及び自己株式取得終了に関するお知らせ__irnews20220817.pdf.en.txt (1876 chars)
[94/136] OK 02_Quarterly/Interim_Earnings/20221130_2023_年3_月期_中間決算短信_日本基準_連結__finfo2022m.pdf -> 20221130_2023_年3_月期_中間決算短信_日本基準_連結__finfo2022m.pdf.en.txt (4525 chars)
[95/136] OK 01_Official/Issuer_Information/20221227_中間発行者情報__irnews20221227-1.pdf -> 20221227_中間発行者情報__irnews20221227-1.pdf.en.txt (16601 chars)Advanced encoding /UniJIS-UTF16-H not implemented yet
Advanced encoding /UniJIS-UTF16-H not implemented yet
Advanced encoding /UniJIS-UTF16-H not implemented yet
Advanced encoding /UniJIS-UTF16-H not implemented yet
Advanced encoding /UniJIS-UTF16-H not implemented yet
Advanced encoding /UniJIS-UTF16-H not implemented yet
Advanced encoding /UniJIS-UTF16-H not implemented yet
Advanced encoding /UniJIS-UTF16-H not implemented yet
Advanced encoding /UniJIS-UTF16-H not implemented yet
Advanced encoding /UniJIS-UTF16-H not implemented yet
Advanced encoding /UniJIS-UTF16-H not implemented yet
Advanced encoding /UniJIS-UTF16-H not implemented yet
Advanced encoding /UniJIS-UTF16-H not implemented yet
Advanced encoding /UniJIS-UTF16-H not implemented yet
Advanced encoding /UniJIS-UTF16-H not implemented yet
Advanced encoding /UniJIS-UTF16-H not implemented yet
Advanced encoding /UniJIS-UTF16-H not implemented yet
Advanced encoding /UniJIS-UTF16-H not implemented yet
Advanced encoding /UniJIS-UTF16-H not implemented yet
Advanced encoding /UniJIS-UTF16-H not implemented yet
Advanced encoding /UniJIS-UTF16-H not implemented yet
Advanced encoding /UniJIS-UTF16-H not implemented yet
Advanced encoding /UniJIS-UTF16-H not implemented yet
Advanced encoding /UniJIS-UTF16-H not implemented yet
Advanced encoding /UniJIS-UTF16-H not implemented yet
Advanced encoding /UniJIS-UTF16-H not implemented yet
Advanced encoding /UniJIS-UTF16-H not implemented yet
Advanced encoding /UniJIS-UTF16-H not implemented yet
Advanced encoding /UniJIS-UTF16-H not implemented yet
Advanced encoding /UniJIS-UTF16-H not implemented yet
Advanced encoding /UniJIS-UTF16-H not implemented yet
Advanced encoding /UniJIS-UTF16-H not implemented yet
Advanced encoding /UniJIS-UTF16-H not implemented yet
Advanced encoding /UniJIS-UTF16-H not implemented yet
Advanced encoding /UniJIS-UTF16-H not implemented yet
Advanced encoding /UniJIS-UTF16-H not implemented yet
Advanced encoding /UniJIS-UTF16-H not implemented yet
Advanced encoding /UniJIS-UTF16-H not implemented yet
Advanced encoding /UniJIS-UTF16-H not implemented yet
Advanced encoding /UniJIS-UTF16-H not implemented yet
Advanced encoding /UniJIS-UTF16-H not implemented yet
Advanced encoding /UniJIS-UTF16-H not implemented yet
Advanced encoding /UniJIS-UTF16-H not implemented yet
Advanced encoding /UniJIS-UTF16-H not implemented yet
Advanced encoding /UniJIS-UTF16-H not implemented yet
Advanced encoding /UniJIS-UTF16-H not implemented yet
Advanced encoding /UniJIS-UTF16-H not implemented yet
Advanced encoding /UniJIS-UTF16-H not implemented yet
Advanced encoding /UniJIS-UTF16-H not implemented yet
Advanced encoding /UniJIS-UTF16-H not implemented yet
Advanced encoding /UniJIS-UTF16-H not implemented yet
Advanced encoding /UniJIS-UTF16-H not implemented yet
Advanced encoding /UniJIS-UTF16-H not implemented yet
Advanced encoding /UniJIS-UTF16-H not implemented yet
Advanced encoding /UniJIS-UTF16-H not implemented yet
Advanced encoding /UniJIS-UTF16-H not implemented yet
Advanced encoding /UniJIS-UTF16-H not implemented yet
Advanced encoding /UniJIS-UTF16-H not implemented yet
Advanced encoding /UniJIS-UTF16-H not implemented yet
Advanced encoding /UniJIS-UTF16-H not implemented yet
Advanced encoding /UniJIS-UTF16-H not implemented yet
Advanced encoding /UniJIS-UTF16-H not implemented yet
Advanced encoding /UniJIS-UTF16-H not implemented yet
Advanced encoding /UniJIS-UTF16-H not implemented yet
Advanced encoding /UniJIS-UTF16-H not implemented yet
Advanced encoding /UniJIS-UTF16-H not implemented yet
Advanced encoding /UniJIS-UTF16-H not implemented yet
Advanced encoding /UniJIS-UTF16-H not implemented yet
Advanced encoding /UniJIS-UTF16-H not implemented yet
Advanced encoding /UniJIS-UTF16-H not implemented yet
Advanced encoding /UniJIS-UTF16-H not implemented yet
Advanced encoding /UniJIS-UTF16-H not implemented yet
Advanced encoding /UniJIS-UTF16-H not implemented yet
Advanced encoding /UniJIS-UTF16-H not implemented yet
Advanced encoding /UniJIS-UTF16-H not implemented yet
Advanced encoding /UniJIS-UTF16-H not implemented yet
Advanced encoding /UniJIS-UTF16-H not implemented yet
Advanced encoding /UniJIS-UTF16-H not implemented yet
Advanced encoding /UniJIS-UTF16-H not implemented yet
Advanced encoding /UniJIS-UTF16-H not implemented yet
Advanced encoding /UniJIS-UTF16-H not implemented yet
Advanced encoding /UniJIS-UTF16-H not implemented yet
Advanced encoding /UniJIS-UTF16-H not implemented yet
Advanced encoding /UniJIS-UTF16-H not implemented yet
Advanced encoding /UniJIS-UTF16-H not implemented yet
Advanced encoding /UniJIS-UTF16-H not implemented yet

[96/136] OK 01_Official/Governance/20221227_コーポレート・ガバナンス報告書__irnews20221227-2.pdf -> 20221227_コーポレート_ガバナンス報告書__irnews20221227-2.pdf.en.txt (7811 chars)
[97/136] OK 03_Events/Timely_Disclosures/20230309_株式分割に関するお知らせ__irnews20230309.pdf -> 20230309_株式分割に関するお知らせ__irnews20230309.pdf.en.txt (2106 chars)
[98/136] OK 02_Quarterly/Earnings_Variance_Notices/20230530_前年同期実績_連結_との差異に関するお知らせ__Pnotice2023-1.pdf -> 20230530_前年同期実績_連結_との差異に関するお知らせ__Pnotice2023-1.pdf.en.txt (2992 chars)
[99/136] OK 02_Quarterly/Earnings_Releases/20230530_2023年3_月期_決算短信_日本基準_連結__finfo2023.pdf -> 20230530_2023年3_月期_決算短信_日本基準_連結__finfo2023.pdf.en.txt (15507 chars)
[100/136] OK 01_Official/Issuer_Information/20230629_発行者情報__irnews20230629-1.pdf -> 20230629_発行者情報__irnews20230629-1.pdf.en.txt (21207 chars)
[101/136] OK 01_Official/Governance/20230629_コーポレート・ガバナンス報告書__irnews20230629-2.pdf -> 20230629_コーポレート_ガバナンス報告書__irnews20230629-2.pdf.en.txt (7800 chars)
[102/136] OK 03_Events/Timely_Disclosures/20230808_自己株式の取得及び自己株式立会外買付取引_ToSTNeT-3_による自己株式の買付_並びに自己株式消却に関するお知らせ__irnews20230808.pdf -> 20230808_自己株式の取得及び自己株式立会外買付取引_ToSTNeT-3_による自己株式の買付_並びに自己株式消却に関するお知らせ__irnews20230808.pdf.en.txt (2413 chars)
[103/136] OK 03_Events/Timely_Disclosures/20230809_自己株式立会外買付取引_ToSTNeT-3_による自己株式の取得結果及び自己株式取得終了に関するお知らせ__irnews20230809.pdf -> 20230809_自己株式立会外買付取引_ToSTNeT-3_による自己株式の取得結果及び自己株式取得終了に関するお知らせ__irnews20230809.pdf.en.txt (1865 chars)
[104/136] OK 02_Quarterly/Interim_Earnings/20231130_2024_年3_月期_中間決算短信_日本基準_連結__finfo2023m.pdf -> 20231130_2024_年3_月期_中間決算短信_日本基準_連結__finfo2023m.pdf.en.txt (4969 chars)
[105/136] OK 01_Official/Issuer_Information/20231228_中間発行者情報__irnews20231228-1.pdf -> 20231228_中間発行者情報__irnews20231228-1.pdf.en.txt (14739 chars)
[106/136] OK 01_Official/Governance/20231228_コーポレート・ガバナンス報告書__irnews20231228-2.pdf -> 20231228_コーポレート_ガバナンス報告書__irnews20231228-2.pdf.en.txt (7842 chars)
[107/136] OK 02_Quarterly/Earnings_Variance_Notices/20240530_前年同期実績_連結_との差異に関するお知らせ__Pnotice2024-1.pdf -> 20240530_前年同期実績_連結_との差異に関するお知らせ__Pnotice2024-1.pdf.en.txt (3247 chars)
[108/136] OK 02_Quarterly/Earnings_Releases/20240530_2024年3_月期_決算短信_日本基準_連結__finfo2024.pdf -> 20240530_2024年3_月期_決算短信_日本基準_連結__finfo2024.pdf.en.txt (13940 chars)
[109/136] OK 01_Official/Issuer_Information/20240627_発行者情報__irnews20240627-1.pdf -> 20240627_発行者情報__irnews20240627-1.pdf.en.txt (22260 chars)
[110/136] OK 01_Official/Governance/20240627_コーポレート・ガバナンス報告書__irnews20240627-2.pdf -> 20240627_コーポレート_ガバナンス報告書__irnews20240627-2.pdf.en.txt (7889 chars)
[111/136] OK 03_Events/Timely_Disclosures/20240827_自己株式の取得及び自己株式立会外買付取引_ToSTNeT-3_による自己株式の買付_並びに自己株式消却に関するお知らせ__irnews20240827.pdf -> 20240827_自己株式の取得及び自己株式立会外買付取引_ToSTNeT-3_による自己株式の買付_並びに自己株式消却に関するお知らせ__irnews20240827.pdf.en.txt (2446 chars)
[112/136] OK 03_Events/Timely_Disclosures/20240828_自己株式立会外買付取引_ToSTNeT-3_による自己株式の取得結果及び自己株式取得終了に関するお知らせ__irnews20240828.pdf -> 20240828_自己株式立会外買付取引_ToSTNeT-3_による自己株式の取得結果及び自己株式取得終了に関するお知らせ__irnews20240828.pdf.en.txt (1846 chars)
[113/136] OK 02_Quarterly/Interim_Earnings/20241128_2025_年3_月期_中間決算短信_日本基準_連結__finfo2024m.pdf -> 20241128_2025_年3_月期_中間決算短信_日本基準_連結__finfo2024m.pdf.en.txt (4513 chars)
[114/136] OK 01_Official/Issuer_Information/20241227_中間発行者情報__irnews20241227-1.pdf -> 20241227_中間発行者情報__irnews20241227-1.pdf.en.txt (12900 chars)
[115/136] OK 01_Official/Governance/20241227_コーポレート・ガバナンス報告書__irnews20241227-2.pdf -> 20241227_コーポレート_ガバナンス報告書__irnews20241227-2.pdf.en.txt (7859 chars)
[116/136] OK 02_Quarterly/Earnings_Variance_Notices/20250529_前年同期実績_連結_との差異に関するお知らせ__Pnotice2025-1.pdf -> 20250529_前年同期実績_連結_との差異に関するお知らせ__Pnotice2025-1.pdf.en.txt (3329 chars)
[118/136] OK 01_Official/Issuer_Information/20250630_発行者情報__irnews20250630-1.pdf -> 20250630_発行者情報__irnews20250630-1.pdf.en.txt (23869 chars)
[119/136] OK 01_Official/Governance/20250630_コーポレート・ガバナンス報告書__irnews20250630-2.pdf -> 20250630_コーポレート_ガバナンス報告書__irnews20250630-2.pdf.en.txt (7581 chars)
[120/136] OK 03_Events/Timely_Disclosures/20250815_自己株式の取得及び自己株式立会外買付取引_ToSTNeT-3_による自己株式の買付_並びに自己株式消却に関するお知らせ__irnews20250815.pdf -> 20250815_自己株式の取得及び自己株式立会外買付取引_ToSTNeT-3_による自己株式の買付_並びに自己株式消却に関するお知らせ__irnews20250815.pdf.en.txt (2390 chars)
[121/136] OK 03_Events/Timely_Disclosures/20250818_自己株式立会外買付取引_ToSTNeT-3_による自己株式の取得結果及び自己株式取得終了に関するお知らせ__irnews20250818.pdf -> 20250818_自己株式立会外買付取引_ToSTNeT-3_による自己株式の取得結果及び自己株式取得終了に関するお知らせ__irnews20250818.pdf.en.txt (1918 chars)
[122/136] OK 03_Events/Timely_Disclosures/20250818_自己株式の取得及び自己株式立会外買付取引_ToSTNeT-3_による自己株式の買付_並びに自己株式消却に関するお知らせ__irnews2025081802.pdf -> 20250818_自己株式の取得及び自己株式立会外買付取引_ToSTNeT-3_による自己株式の買付_並びに自己株式消却に関するお知らせ__irnews2025081802.pdf.en.txt (2377 chars)
[123/136] OK 03_Events/Timely_Disclosures/20250819_訂正_自己株式の取得及び自己株式立会外買付取引_ToSTNeT-3_による自己株式の買付_並びに自己株式消却に関するお知らせ_の一部訂正について__irnews2025081901.pdf -> 20250819_訂正_自己株式の取得及び自己株式立会外買付取引_ToSTNeT-3_による自己株式の買付_並びに自己株式消却に関するお知らせ_の一部訂正について__irnews2025081901.pdf.en.txt (3238 chars)
[124/136] OK 03_Events/Timely_Disclosures/20250819_自己株式立会外買付取引_ToSTNeT-3_による自己株式の取得結果及び自己株式取得終了に関するお知らせ__irnews2025081902.pdf -> 20250819_自己株式立会外買付取引_ToSTNeT-3_による自己株式の取得結果及び自己株式取得終了に関するお知らせ__irnews2025081902.pdf.en.txt (1926 chars)
[125/136] OK 03_Events/Timely_Disclosures/20250924_株式分割及び定款の一部変更に関するお知らせ__irnews20250924.pdf -> 20250924_株式分割及び定款の一部変更に関するお知らせ__irnews20250924.pdf.en.txt (2662 chars)
[126/136] OK 02_Quarterly/Interim_Earnings/20251127_2026_年3_月期_中間決算短信_日本基準_連結__finfo2025m.pdf -> 20251127_2026_年3_月期_中間決算短信_日本基準_連結__finfo2025m.pdf.en.txt (5962 chars)Advanced encoding /UniJIS-UTF16-H not implemented yet
Advanced encoding /UniJIS-UTF16-H not implemented yet
Advanced encoding /UniJIS-UTF16-H not implemented yet
Advanced encoding /UniJIS-UTF16-H not implemented yet
Advanced encoding /UniJIS-UTF16-H not implemented yet

[127/136] OK 01_Official/Issuer_Information/20251225_中間発行者情報__irnews20251225-1.pdf -> 20251225_中間発行者情報__irnews20251225-1.pdf.en.txt (16823 chars)
[128/136] OK 01_Official/Governance/20251225_コーポレート・ガバナンス報告書__irnews20251225-2.pdf -> 20251225_コーポレート_ガバナンス報告書__irnews20251225-2.pdf.en.txt (7990 chars)
[131/136] OK 02_Quarterly/Financial_Announcements/20200331_令和2年3月期_決算公告__finfo2019-14.pdf -> 20200331_令和2年3月期_決算公告__finfo2019-14.pdf.en.txt (2520 chars)
[132/136] OK 02_Quarterly/Financial_Announcements/20210331_令和3年3月期_決算公告__finfo2020-15.pdf -> 20210331_令和3年3月期_決算公告__finfo2020-15.pdf.en.txt (5962 chars)
[133/136] OK 02_Quarterly/Financial_Announcements/20220331_令和4年3月期_決算公告__finfo2021-16.pdf -> 20220331_令和4年3月期_決算公告__finfo2021-16.pdf.en.txt (2616 chars)
[134/136] OK 02_Quarterly/Financial_Announcements/20230331_令和5年3月期_決算公告__finfo2022-17.pdf -> 20230331_令和5年3月期_決算公告__finfo2022-17.pdf.en.txt (3383 chars)
[135/136] OK 02_Quarterly/Financial_Announcements/20240331_令和6年3月期_決算公告__finfo2023-18.pdf -> 20240331_令和6年3月期_決算公告__finfo2023-18.pdf.en.txt (2961 chars)
[136/136] OK 02_Quarterly/Financial_Announcements/20250331_令和7年3月期_決算公告__finfo2024-19.pdf -> 20250331_令和7年3月期_決算公告__finfo2024-19.pdf.en.txt (2902 chars)
Done 7176.T: translated/cached 71/136 -> /workspace/7176.T/research/evidence/translation_manifest_2026-06-04.json
